<?xml version="1.0" encoding="UTF-8"?>
<!-- Generated by org.testng.reporters.JUnitXMLReporter -->
<testsuite hostname="Minas-MacBook-Pro.local" name="case1" tests="4" failures="0" timestamp="14 Oct 2019 15:24:12 GMT" time="0.02" errors="0">
  <testcase name="runTest1" time="0.004" classname="unittesting.testng.beforeafter.TestNGConfiguration"/>
  <testcase name="runTest2" time="0.001" classname="unittesting.testng.beforeafter.TestNGConfiguration"/>
  <testcase name="runOtherTest1" time="0.001" classname="unittesting.testng.beforeafter.TestDBConnection"/>
  <testcase name="runOtherTest2" time="0.001" classname="unittesting.testng.beforeafter.TestDBConnection"/>
</testsuite> <!-- case1 -->
